2026-06-24 11:26:02,237 - main - INFO - Pipeline started
2026-06-24 11:26:49,795 - main - INFO - Pipeline started
2026-06-24 11:26:50,321 - main - INFO - Data extracted successfully
2026-06-24 11:26:50,642 - main - INFO - Transformation completed
2026-06-24 11:26:50,658 - main - INFO - Validation completed
2026-06-24 11:26:50,723 - main - INFO - Metrics created
2026-06-24 11:26:51,051 - main - INFO - Pipeline completed successfully
2026-06-24 11:41:15,924 - main - INFO - Pipeline started
2026-06-24 11:41:16,443 - main - INFO - Data extracted successfully
2026-06-24 11:41:16,756 - main - INFO - Transformation completed
2026-06-24 11:41:16,772 - main - INFO - Validation completed
2026-06-24 11:41:16,836 - main - INFO - Metrics created
2026-06-24 11:42:00,661 - main - INFO - Pipeline started
2026-06-24 11:42:01,185 - main - INFO - Data extracted successfully
2026-06-24 11:42:01,505 - main - INFO - Transformation completed
2026-06-24 11:42:01,522 - main - INFO - Validation completed
2026-06-24 11:42:01,585 - main - INFO - Metrics created
2026-06-24 11:42:02,001 - main - INFO - Pipeline completed successfully
2026-06-24 11:51:44,588 - main - INFO - Pipeline started
2026-06-24 11:51:45,905 - main - INFO - Pipeline completed successfully
